2025-03-26 20:37:59,567 - __main__ - INFO - === INICIANDO PROCESO DE ENTRENAMIENTO DEL MODELO ===
2025-03-26 20:37:59,567 - __main__ - INFO - Iniciando entrenamiento del modelo RNN...
2025-03-26 20:37:59,567 - __main__ - INFO - Directorio de modelos verificado
2025-03-26 20:37:59,769 - root - INFO - Prepared 1031 incidents for training
2025-03-26 20:37:59,769 - root - INFO - Data columns: ['incident_type', 'timestamp', 'nearest_station', 'hour', 'day_of_week', 'month', 'incident_count', 'incident_type_encoded', 'time_of_day']
2025-03-26 20:37:59,783 - root - INFO - Sample data:
         incident_type           timestamp  ... incident_type_encoded  time_of_day
0               Ataque 2025-01-01 11:00:09  ...                     2      morning
1                Hurto 2025-01-01 11:06:28  ...                     4      morning
2  Hurto a mano armada 2025-01-01 11:06:36  ...                     5      morning
3                Hurto 2025-01-01 11:14:34  ...                     4      morning
4           Cosquilleo 2025-01-01 11:15:26  ...                     3      morning

[5 rows x 9 columns]
2025-03-26 20:38:00,089 - root - INFO - Generated 1007 sequences for training
2025-03-26 20:38:00,090 - root - INFO - Features shape: (1007, 24, 5)
2025-03-26 20:38:00,090 - root - INFO - Targets shape: (1007,)
2025-03-26 20:38:00,090 - root - INFO - Training data: X shape=(1007, 24, 5), y shape=(1007,)
2025-03-26 20:38:00,969 - root - INFO - Modelo RNN creado exitosamente
2025-03-26 20:38:00,970 - root - INFO - Configuración del modelo: {'sequence_length': 24, 'n_features': 5, 'lstm_units': 16, 'dropout_rate': 0.4, 'learning_rate': 0.001, 'batch_size': 32, 'epochs': 50, 'l2_lambda': 0.02}
2025-03-26 20:38:00,970 - root - INFO - Model: "sequential"
2025-03-26 20:38:00,970 - root - INFO - _________________________________________________________________
2025-03-26 20:38:00,970 - root - INFO -  Layer (type)                Output Shape              Param #   
2025-03-26 20:38:00,970 - root - INFO - =================================================================
2025-03-26 20:38:00,971 - root - INFO -  lstm (LSTM)                 (None, 24, 16)            1408      
2025-03-26 20:38:00,971 - root - INFO -                                                                  
2025-03-26 20:38:00,971 - root - INFO -  dropout (Dropout)           (None, 24, 16)            0         
2025-03-26 20:38:00,971 - root - INFO -                                                                  
2025-03-26 20:38:00,972 - root - INFO -  lstm_1 (LSTM)               (None, 8)                 800       
2025-03-26 20:38:00,972 - root - INFO -                                                                  
2025-03-26 20:38:00,972 - root - INFO -  dropout_1 (Dropout)         (None, 8)                 0         
2025-03-26 20:38:00,972 - root - INFO -                                                                  
2025-03-26 20:38:00,972 - root - INFO -  dense (Dense)               (None, 8)                 72        
2025-03-26 20:38:00,972 - root - INFO -                                                                  
2025-03-26 20:38:00,972 - root - INFO -  dense_1 (Dense)             (None, 1)                 9         
2025-03-26 20:38:00,972 - root - INFO -                                                                  
2025-03-26 20:38:00,972 - root - INFO - =================================================================
2025-03-26 20:38:00,973 - root - INFO - Total params: 2289 (8.94 KB)
2025-03-26 20:38:00,973 - root - INFO - Trainable params: 2289 (8.94 KB)
2025-03-26 20:38:00,973 - root - INFO - Non-trainable params: 0 (0.00 Byte)
2025-03-26 20:38:00,973 - root - INFO - _________________________________________________________________
2025-03-26 20:38:33,475 - root - INFO - Validation accuracy: 1.0000
2025-03-26 20:38:33,476 - root - INFO - Validation loss: 0.0140
2025-03-26 20:38:33,476 - root - INFO - Validation AUC: 0.0000
2025-03-26 20:38:33,516 - __main__ - INFO - Modelo guardado exitosamente en models/rnn_model.h5
2025-03-26 20:38:33,518 - __main__ - INFO - Historial de entrenamiento guardado
2025-03-26 20:38:33,592 - __main__ - INFO - Iniciando validación cruzada del modelo...
2025-03-26 20:38:33,613 - root - INFO - Prepared 1031 incidents for training
2025-03-26 20:38:33,613 - root - INFO - Data columns: ['incident_type', 'timestamp', 'nearest_station', 'hour', 'day_of_week', 'month', 'incident_count', 'incident_type_encoded', 'time_of_day']
2025-03-26 20:38:33,623 - root - INFO - Sample data:
         incident_type           timestamp  ... incident_type_encoded  time_of_day
0               Ataque 2025-01-01 11:00:09  ...                     2      morning
1                Hurto 2025-01-01 11:06:28  ...                     4      morning
2  Hurto a mano armada 2025-01-01 11:06:36  ...                     5      morning
3                Hurto 2025-01-01 11:14:34  ...                     4      morning
4           Cosquilleo 2025-01-01 11:15:26  ...                     3      morning

[5 rows x 9 columns]
2025-03-26 20:38:33,919 - root - INFO - Generated 1007 sequences for training
2025-03-26 20:38:33,920 - root - INFO - Features shape: (1007, 24, 5)
2025-03-26 20:38:33,920 - root - INFO - Targets shape: (1007,)
2025-03-26 20:38:33,920 - root - INFO - Training fold 1/5
2025-03-26 20:38:34,379 - root - INFO - Modelo RNN creado exitosamente
2025-03-26 20:38:34,380 - root - INFO - Configuración del modelo: {'sequence_length': 24, 'n_features': 5, 'lstm_units': 16, 'dropout_rate': 0.4, 'learning_rate': 0.001, 'batch_size': 32, 'epochs': 50, 'l2_lambda': 0.02}
2025-03-26 20:38:34,380 - root - INFO - Model: "sequential_1"
2025-03-26 20:38:34,380 - root - INFO - _________________________________________________________________
2025-03-26 20:38:34,380 - root - INFO -  Layer (type)                Output Shape              Param #   
2025-03-26 20:38:34,380 - root - INFO - =================================================================
2025-03-26 20:38:34,380 - root - INFO -  lstm_2 (LSTM)               (None, 24, 16)            1408      
2025-03-26 20:38:34,380 - root - INFO -                                                                  
2025-03-26 20:38:34,381 - root - INFO -  dropout_2 (Dropout)         (None, 24, 16)            0         
2025-03-26 20:38:34,381 - root - INFO -                                                                  
2025-03-26 20:38:34,381 - root - INFO -  lstm_3 (LSTM)               (None, 8)                 800       
2025-03-26 20:38:34,381 - root - INFO -                                                                  
2025-03-26 20:38:34,381 - root - INFO -  dropout_3 (Dropout)         (None, 8)                 0         
2025-03-26 20:38:34,381 - root - INFO -                                                                  
2025-03-26 20:38:34,381 - root - INFO -  dense_2 (Dense)             (None, 8)                 72        
2025-03-26 20:38:34,381 - root - INFO -                                                                  
2025-03-26 20:38:34,381 - root - INFO -  dense_3 (Dense)             (None, 1)                 9         
2025-03-26 20:38:34,382 - root - INFO -                                                                  
2025-03-26 20:38:34,382 - root - INFO - =================================================================
2025-03-26 20:38:34,382 - root - INFO - Total params: 2289 (8.94 KB)
2025-03-26 20:38:34,382 - root - INFO - Trainable params: 2289 (8.94 KB)
2025-03-26 20:38:34,382 - root - INFO - Non-trainable params: 0 (0.00 Byte)
2025-03-26 20:38:34,382 - root - INFO - _________________________________________________________________
2025-03-26 20:39:02,654 - root - INFO - Fold 1 metrics - Accuracy: 1.0000, Loss: 0.0104, AUC: 0.0000
2025-03-26 20:39:02,655 - root - INFO - Training fold 2/5
2025-03-26 20:39:03,179 - root - INFO - Modelo RNN creado exitosamente
2025-03-26 20:39:03,179 - root - INFO - Configuración del modelo: {'sequence_length': 24, 'n_features': 5, 'lstm_units': 16, 'dropout_rate': 0.4, 'learning_rate': 0.001, 'batch_size': 32, 'epochs': 50, 'l2_lambda': 0.02}
2025-03-26 20:39:03,179 - root - INFO - Model: "sequential_2"
2025-03-26 20:39:03,179 - root - INFO - _________________________________________________________________
2025-03-26 20:39:03,179 - root - INFO -  Layer (type)                Output Shape              Param #   
2025-03-26 20:39:03,180 - root - INFO - =================================================================
2025-03-26 20:39:03,180 - root - INFO -  lstm_4 (LSTM)               (None, 24, 16)            1408      
2025-03-26 20:39:03,180 - root - INFO -                                                                  
2025-03-26 20:39:03,180 - root - INFO -  dropout_4 (Dropout)         (None, 24, 16)            0         
2025-03-26 20:39:03,180 - root - INFO -                                                                  
2025-03-26 20:39:03,180 - root - INFO -  lstm_5 (LSTM)               (None, 8)                 800       
2025-03-26 20:39:03,180 - root - INFO -                                                                  
2025-03-26 20:39:03,181 - root - INFO -  dropout_5 (Dropout)         (None, 8)                 0         
2025-03-26 20:39:03,181 - root - INFO -                                                                  
2025-03-26 20:39:03,181 - root - INFO -  dense_4 (Dense)             (None, 8)                 72        
2025-03-26 20:39:03,181 - root - INFO -                                                                  
2025-03-26 20:39:03,181 - root - INFO -  dense_5 (Dense)             (None, 1)                 9         
2025-03-26 20:39:03,181 - root - INFO -                                                                  
2025-03-26 20:39:03,181 - root - INFO - =================================================================
2025-03-26 20:39:03,182 - root - INFO - Total params: 2289 (8.94 KB)
2025-03-26 20:39:03,182 - root - INFO - Trainable params: 2289 (8.94 KB)
2025-03-26 20:39:03,182 - root - INFO - Non-trainable params: 0 (0.00 Byte)
2025-03-26 20:39:03,182 - root - INFO - _________________________________________________________________
2025-03-26 20:39:33,189 - root - INFO - Fold 2 metrics - Accuracy: 1.0000, Loss: 0.0118, AUC: 0.0000
2025-03-26 20:39:33,190 - root - INFO - Training fold 3/5
2025-03-26 20:39:33,627 - root - INFO - Modelo RNN creado exitosamente
2025-03-26 20:39:33,627 - root - INFO - Configuración del modelo: {'sequence_length': 24, 'n_features': 5, 'lstm_units': 16, 'dropout_rate': 0.4, 'learning_rate': 0.001, 'batch_size': 32, 'epochs': 50, 'l2_lambda': 0.02}
2025-03-26 20:39:33,627 - root - INFO - Model: "sequential_3"
2025-03-26 20:39:33,627 - root - INFO - _________________________________________________________________
2025-03-26 20:39:33,628 - root - INFO -  Layer (type)                Output Shape              Param #   
2025-03-26 20:39:33,628 - root - INFO - =================================================================
2025-03-26 20:39:33,628 - root - INFO -  lstm_6 (LSTM)               (None, 24, 16)            1408      
2025-03-26 20:39:33,628 - root - INFO -                                                                  
2025-03-26 20:39:33,629 - root - INFO -  dropout_6 (Dropout)         (None, 24, 16)            0         
2025-03-26 20:39:33,629 - root - INFO -                                                                  
2025-03-26 20:39:33,629 - root - INFO -  lstm_7 (LSTM)               (None, 8)                 800       
2025-03-26 20:39:33,629 - root - INFO -                                                                  
2025-03-26 20:39:33,629 - root - INFO -  dropout_7 (Dropout)         (None, 8)                 0         
2025-03-26 20:39:33,629 - root - INFO -                                                                  
2025-03-26 20:39:33,629 - root - INFO -  dense_6 (Dense)             (None, 8)                 72        
2025-03-26 20:39:33,629 - root - INFO -                                                                  
2025-03-26 20:39:33,629 - root - INFO -  dense_7 (Dense)             (None, 1)                 9         
2025-03-26 20:39:33,629 - root - INFO -                                                                  
2025-03-26 20:39:33,630 - root - INFO - =================================================================
2025-03-26 20:39:33,630 - root - INFO - Total params: 2289 (8.94 KB)
2025-03-26 20:39:33,630 - root - INFO - Trainable params: 2289 (8.94 KB)
2025-03-26 20:39:33,630 - root - INFO - Non-trainable params: 0 (0.00 Byte)
2025-03-26 20:39:33,630 - root - INFO - _________________________________________________________________
2025-03-26 20:40:03,790 - root - INFO - Fold 3 metrics - Accuracy: 1.0000, Loss: 0.0183, AUC: 0.0000
2025-03-26 20:40:03,791 - root - INFO - Training fold 4/5
2025-03-26 20:40:04,323 - root - INFO - Modelo RNN creado exitosamente
2025-03-26 20:40:04,324 - root - INFO - Configuración del modelo: {'sequence_length': 24, 'n_features': 5, 'lstm_units': 16, 'dropout_rate': 0.4, 'learning_rate': 0.001, 'batch_size': 32, 'epochs': 50, 'l2_lambda': 0.02}
2025-03-26 20:40:04,324 - root - INFO - Model: "sequential_4"
2025-03-26 20:40:04,324 - root - INFO - _________________________________________________________________
2025-03-26 20:40:04,324 - root - INFO -  Layer (type)                Output Shape              Param #   
2025-03-26 20:40:04,325 - root - INFO - =================================================================
2025-03-26 20:40:04,325 - root - INFO -  lstm_8 (LSTM)               (None, 24, 16)            1408      
2025-03-26 20:40:04,325 - root - INFO -                                                                  
2025-03-26 20:40:04,325 - root - INFO -  dropout_8 (Dropout)         (None, 24, 16)            0         
2025-03-26 20:40:04,325 - root - INFO -                                                                  
2025-03-26 20:40:04,325 - root - INFO -  lstm_9 (LSTM)               (None, 8)                 800       
2025-03-26 20:40:04,325 - root - INFO -                                                                  
2025-03-26 20:40:04,326 - root - INFO -  dropout_9 (Dropout)         (None, 8)                 0         
2025-03-26 20:40:04,326 - root - INFO -                                                                  
2025-03-26 20:40:04,326 - root - INFO -  dense_8 (Dense)             (None, 8)                 72        
2025-03-26 20:40:04,326 - root - INFO -                                                                  
2025-03-26 20:40:04,326 - root - INFO -  dense_9 (Dense)             (None, 1)                 9         
2025-03-26 20:40:04,326 - root - INFO -                                                                  
2025-03-26 20:40:04,326 - root - INFO - =================================================================
2025-03-26 20:40:04,327 - root - INFO - Total params: 2289 (8.94 KB)
2025-03-26 20:40:04,327 - root - INFO - Trainable params: 2289 (8.94 KB)
2025-03-26 20:40:04,327 - root - INFO - Non-trainable params: 0 (0.00 Byte)
2025-03-26 20:40:04,327 - root - INFO - _________________________________________________________________
2025-03-26 20:40:37,952 - root - INFO - Fold 4 metrics - Accuracy: 1.0000, Loss: 0.0094, AUC: 0.0000
2025-03-26 20:40:37,954 - root - INFO - Training fold 5/5
2025-03-26 20:40:38,519 - root - INFO - Modelo RNN creado exitosamente
2025-03-26 20:40:38,519 - root - INFO - Configuración del modelo: {'sequence_length': 24, 'n_features': 5, 'lstm_units': 16, 'dropout_rate': 0.4, 'learning_rate': 0.001, 'batch_size': 32, 'epochs': 50, 'l2_lambda': 0.02}
2025-03-26 20:40:38,520 - root - INFO - Model: "sequential_5"
2025-03-26 20:40:38,520 - root - INFO - _________________________________________________________________
2025-03-26 20:40:38,520 - root - INFO -  Layer (type)                Output Shape              Param #   
2025-03-26 20:40:38,520 - root - INFO - =================================================================
2025-03-26 20:40:38,521 - root - INFO -  lstm_10 (LSTM)              (None, 24, 16)            1408      
2025-03-26 20:40:38,521 - root - INFO -                                                                  
2025-03-26 20:40:38,521 - root - INFO -  dropout_10 (Dropout)        (None, 24, 16)            0         
2025-03-26 20:40:38,521 - root - INFO -                                                                  
2025-03-26 20:40:38,521 - root - INFO -  lstm_11 (LSTM)              (None, 8)                 800       
2025-03-26 20:40:38,521 - root - INFO -                                                                  
2025-03-26 20:40:38,521 - root - INFO -  dropout_11 (Dropout)        (None, 8)                 0         
2025-03-26 20:40:38,522 - root - INFO -                                                                  
2025-03-26 20:40:38,522 - root - INFO -  dense_10 (Dense)            (None, 8)                 72        
2025-03-26 20:40:38,522 - root - INFO -                                                                  
2025-03-26 20:40:38,522 - root - INFO -  dense_11 (Dense)            (None, 1)                 9         
2025-03-26 20:40:38,522 - root - INFO -                                                                  
2025-03-26 20:40:38,522 - root - INFO - =================================================================
2025-03-26 20:40:38,523 - root - INFO - Total params: 2289 (8.94 KB)
2025-03-26 20:40:38,523 - root - INFO - Trainable params: 2289 (8.94 KB)
2025-03-26 20:40:38,523 - root - INFO - Non-trainable params: 0 (0.00 Byte)
2025-03-26 20:40:38,524 - root - INFO - _________________________________________________________________
2025-03-26 20:41:10,015 - root - INFO - Fold 5 metrics - Accuracy: 1.0000, Loss: 0.0088, AUC: 0.0000
2025-03-26 20:41:10,018 - root - INFO - Cross validation results:
2025-03-26 20:41:10,018 - root - INFO - Average accuracy: 1.0000 ± 0.0000
2025-03-26 20:41:10,018 - root - INFO - Average loss: 0.0117 ± 0.0034
2025-03-26 20:41:10,018 - root - INFO - Average AUC: 0.0000 ± 0.0000
2025-03-26 20:41:10,019 - __main__ - INFO - Validación cruzada completada con éxito
2025-03-26 20:41:10,019 - __main__ - INFO - Precisión promedio: 1.0000 ± 0.0000
2025-03-26 20:41:10,019 - __main__ - INFO - AUC promedio: 0.0000 ± 0.0000
2025-03-26 20:41:10,020 - __main__ - INFO - Métricas de validación guardadas
2025-03-26 20:41:10,023 - __main__ - INFO - Generando nuevas predicciones con el modelo entrenado...
2025-03-26 20:41:10,023 - root - INFO - Generando predicciones para las próximas 48 horas...
2025-03-26 20:41:10,242 - root - INFO - Datos de estaciones cargados: 149 estaciones
2025-03-26 20:41:10,242 - root - INFO - Generando predicciones para 2025-03-26T20:41:10.238699-05:00
2025-03-26 20:41:10,244 - root - INFO - Generando predicciones para 2025-03-26T21:41:10.238699-05:00
2025-03-26 20:41:10,246 - root - INFO - Generando predicciones para 2025-03-26T22:41:10.238699-05:00
2025-03-26 20:41:10,247 - root - INFO - Generando predicciones para 2025-03-26T23:41:10.238699-05:00
2025-03-26 20:41:10,249 - root - INFO - Generando predicciones para 2025-03-27T00:41:10.238699-05:00
2025-03-26 20:41:10,250 - root - INFO - Generando predicciones para 2025-03-27T01:41:10.238699-05:00
2025-03-26 20:41:10,252 - root - INFO - Generando predicciones para 2025-03-27T02:41:10.238699-05:00
2025-03-26 20:41:10,253 - root - INFO - Generando predicciones para 2025-03-27T03:41:10.238699-05:00
2025-03-26 20:41:10,255 - root - INFO - Generando predicciones para 2025-03-27T04:41:10.238699-05:00
2025-03-26 20:41:10,256 - root - INFO - Generando predicciones para 2025-03-27T05:41:10.238699-05:00
2025-03-26 20:41:10,257 - root - INFO - Generando predicciones para 2025-03-27T06:41:10.238699-05:00
2025-03-26 20:41:10,259 - root - INFO - Generando predicciones para 2025-03-27T07:41:10.238699-05:00
2025-03-26 20:41:10,260 - root - INFO - Generando predicciones para 2025-03-27T08:41:10.238699-05:00
2025-03-26 20:41:10,262 - root - INFO - Generando predicciones para 2025-03-27T09:41:10.238699-05:00
2025-03-26 20:41:10,263 - root - INFO - Generando predicciones para 2025-03-27T10:41:10.238699-05:00
2025-03-26 20:41:10,266 - root - INFO - Generando predicciones para 2025-03-27T11:41:10.238699-05:00
2025-03-26 20:41:10,269 - root - INFO - Generando predicciones para 2025-03-27T12:41:10.238699-05:00
2025-03-26 20:41:10,270 - root - INFO - Generando predicciones para 2025-03-27T13:41:10.238699-05:00
2025-03-26 20:41:10,272 - root - INFO - Generando predicciones para 2025-03-27T14:41:10.238699-05:00
2025-03-26 20:41:10,273 - root - INFO - Generando predicciones para 2025-03-27T15:41:10.238699-05:00
2025-03-26 20:41:10,275 - root - INFO - Generando predicciones para 2025-03-27T16:41:10.238699-05:00
2025-03-26 20:41:10,276 - root - INFO - Generando predicciones para 2025-03-27T17:41:10.238699-05:00
2025-03-26 20:41:10,278 - root - INFO - Generando predicciones para 2025-03-27T18:41:10.238699-05:00
2025-03-26 20:41:10,280 - root - INFO - Generando predicciones para 2025-03-27T19:41:10.238699-05:00
2025-03-26 20:41:10,282 - root - INFO - Generando predicciones para 2025-03-27T20:41:10.238699-05:00
2025-03-26 20:41:10,284 - root - INFO - Generando predicciones para 2025-03-27T21:41:10.238699-05:00
2025-03-26 20:41:10,285 - root - INFO - Generando predicciones para 2025-03-27T22:41:10.238699-05:00
2025-03-26 20:41:10,287 - root - INFO - Generando predicciones para 2025-03-27T23:41:10.238699-05:00
2025-03-26 20:41:10,289 - root - INFO - Generando predicciones para 2025-03-28T00:41:10.238699-05:00
2025-03-26 20:41:10,291 - root - INFO - Generando predicciones para 2025-03-28T01:41:10.238699-05:00
2025-03-26 20:41:10,292 - root - INFO - Generando predicciones para 2025-03-28T02:41:10.238699-05:00
2025-03-26 20:41:10,295 - root - INFO - Generando predicciones para 2025-03-28T03:41:10.238699-05:00
2025-03-26 20:41:10,298 - root - INFO - Generando predicciones para 2025-03-28T04:41:10.238699-05:00
2025-03-26 20:41:10,300 - root - INFO - Generando predicciones para 2025-03-28T05:41:10.238699-05:00
2025-03-26 20:41:10,303 - root - INFO - Generando predicciones para 2025-03-28T06:41:10.238699-05:00
2025-03-26 20:41:10,305 - root - INFO - Generando predicciones para 2025-03-28T07:41:10.238699-05:00
2025-03-26 20:41:10,308 - root - INFO - Generando predicciones para 2025-03-28T08:41:10.238699-05:00
2025-03-26 20:41:10,310 - root - INFO - Generando predicciones para 2025-03-28T09:41:10.238699-05:00
2025-03-26 20:41:10,312 - root - INFO - Generando predicciones para 2025-03-28T10:41:10.238699-05:00
2025-03-26 20:41:10,313 - root - INFO - Generando predicciones para 2025-03-28T11:41:10.238699-05:00
2025-03-26 20:41:10,315 - root - INFO - Generando predicciones para 2025-03-28T12:41:10.238699-05:00
2025-03-26 20:41:10,317 - root - INFO - Generando predicciones para 2025-03-28T13:41:10.238699-05:00
2025-03-26 20:41:10,318 - root - INFO - Generando predicciones para 2025-03-28T14:41:10.238699-05:00
2025-03-26 20:41:10,321 - root - INFO - Generando predicciones para 2025-03-28T15:41:10.238699-05:00
2025-03-26 20:41:10,322 - root - INFO - Generando predicciones para 2025-03-28T16:41:10.238699-05:00
2025-03-26 20:41:10,325 - root - INFO - Generando predicciones para 2025-03-28T17:41:10.238699-05:00
2025-03-26 20:41:10,327 - root - INFO - Generando predicciones para 2025-03-28T18:41:10.238699-05:00
2025-03-26 20:41:10,329 - root - INFO - Generando predicciones para 2025-03-28T19:41:10.238699-05:00
2025-03-26 20:41:10,486 - root - INFO - Generadas y guardadas 7152 predicciones
2025-03-26 20:41:10,487 - __main__ - INFO - Se generaron 7152 predicciones exitosamente
2025-03-26 20:41:10,493 - __main__ - INFO - === PROCESO DE ENTRENAMIENTO COMPLETADO ===
